<?xml version="1.0" encoding="UTF-8"?>
<testng-results skipped="0" failed="0" ignored="0" total="1" passed="1">
  <reporter-output>
  </reporter-output>
  <suite name="Default suite" duration-ms="1540" started-at="2021-04-19T16:42:53Z" finished-at="2021-04-19T16:42:55Z">
    <groups>
    </groups>
    <test name="Default test" duration-ms="1540" started-at="2021-04-19T16:42:53Z" finished-at="2021-04-19T16:42:55Z">
      <class name="apiTestPakage.T004TechFiosDelet">
        <test-method status="PASS" signature="deleteMethod()[pri:0, instance:apiTestPakage.T004TechFiosDelet@419c5f1a]" name="deleteMethod" duration-ms="1521" started-at="2021-04-19T16:42:53Z" finished-at="2021-04-19T16:42:55Z">
          <reporter-output>
          </reporter-output>
        </test-method> <!-- deleteMethod -->
      </class> <!-- apiTestPakage.T004TechFiosDelet -->
    </test> <!-- Default test -->
  </suite> <!-- Default suite -->
</testng-results>
